<?xml version="1.0" encoding="UTF-8"?>
<!-- Generated by org.testng.reporters.JUnitReportReporter -->
<testsuite skipped="0" hostname="LAPTOP-0EMTL38U" name="com.qa.tests.DemoTest2" tests="4" failures="0" timestamp="2021-04-07T07:42:11 IST" time="0.003" errors="0">
  <testcase name="multi" time="0.000" classname="com.qa.tests.DemoTest2"/>
  <system-out/>
  <testcase name="sum" time="0.001" classname="com.qa.tests.DemoTest2"/>
  <system-out/>
  <testcase name="div" time="0.001" classname="com.qa.tests.DemoTest2"/>
  <system-out/>
  <testcase name="sub" time="0.001" classname="com.qa.tests.DemoTest2"/>
  <system-out/>
</testsuite> <!-- com.qa.tests.DemoTest2 -->
